<?xml version="1.0" encoding="UTF-8"?>
<!-- Generated by org.testng.reporters.JUnitXMLReporter -->
<testsuite hostname="DESKTOP-59NO5IH" name="Default test" tests="4" failures="0" timestamp="23 Nov 2019 07:17:57 GMT" time="0.041" errors="0">
  <testcase name="calls" time="0.009" classname="testngg.Demo"/>
  <testcase name="calls" time="0.001" classname="testngg.Demo"/>
  <testcase name="calls" time="0.002" classname="testngg.Demo"/>
  <testcase name="chats" time="0.002" classname="testngg.Demo"/>
</testsuite> <!-- Default test -->
