<?xml version="1.0" encoding="UTF-8"?>
<!-- Generated by org.testng.reporters.JUnitXMLReporter -->
<testsuite hostname="DESKTOP-59NO5IH" name="Test" tests="4" failures="0" timestamp="19 Nov 2019 06:27:51 GMT" time="50.532" errors="0">
  <testcase name="password" time="0.014" classname="testng.Invalidlogi"/>
  <testcase name="username" time="0.001" classname="testng.Validlogin"/>
  <testcase name="pass" time="0.001" classname="testng.Invalidlogi"/>
  <testcase name="user" time="0.001" classname="testng.Validlogin"/>
</testsuite> <!-- Test -->
